  Bank.cpp
D:\Programming\C++\11 - OOP as it Should Be (Applications)\Bank System Using OPP\Bank\clsString.h(35,1): warning C4267: '=': conversion from 'size_t' to 'short', possible loss of data
D:\Programming\C++\11 - OOP as it Should Be (Applications)\Bank System Using OPP\Bank\clsString.h(169,1): warning C4267: '=': conversion from 'size_t' to 'short', possible loss of data
D:\Programming\C++\11 - OOP as it Should Be (Applications)\Bank System Using OPP\Bank\clsString.h(194,1): warning C4267: '=': conversion from 'size_t' to 'short', possible loss of data
D:\Programming\C++\11 - OOP as it Should Be (Applications)\Bank System Using OPP\Bank\clsString.h(226,1): warning C4267: 'initializing': conversion from 'size_t' to 'short', possible loss of data
D:\Programming\C++\11 - OOP as it Should Be (Applications)\Bank System Using OPP\Bank\clsString.h(242,1): warning C4267: 'initializing': conversion from 'size_t' to 'short', possible loss of data
D:\Programming\C++\11 - OOP as it Should Be (Applications)\Bank System Using OPP\Bank\clsString.h(247,1): warning C4267: '=': conversion from 'size_t' to 'short', possible loss of data
D:\Programming\C++\11 - OOP as it Should Be (Applications)\Bank System Using OPP\Bank\clsDate.h(121,1): warning C4267: '=': conversion from 'size_t' to 'short', possible loss of data
D:\Programming\C++\11 - OOP as it Should Be (Applications)\Bank System Using OPP\Bank\clsUtility.h(64,1): warning C4102: 'defualt': unreferenced label
D:\Programming\C++\11 - OOP as it Should Be (Applications)\Bank System Using OPP\Bank\clsBankClient.h(38,41): warning C4244: 'argument': conversion from 'double' to 'float', possible loss of data
D:\Programming\C++\11 - OOP as it Should Be (Applications)\Bank System Using OPP\Bank\clsBankClient.h(389,10): warning C4244: 'return': conversion from 'double' to 'float', possible loss of data
D:\Programming\C++\11 - OOP as it Should Be (Applications)\Bank System Using OPP\Bank\clsBankClient.h(431,54): warning C4244: 'argument': conversion from 'double' to 'int', possible loss of data
D:\Programming\C++\11 - OOP as it Should Be (Applications)\Bank System Using OPP\Bank\clsWithdrawScreen.h(26,21): warning C4129: 'W': unrecognized character escape sequence
D:\Programming\C++\11 - OOP as it Should Be (Applications)\Bank System Using OPP\Bank\clsTotalBalancesScreen.h(57,82): warning C4244: 'argument': conversion from 'double' to 'int', possible loss of data
D:\Programming\C++\11 - OOP as it Should Be (Applications)\Bank System Using OPP\Bank\clsTransferLog.h(72,18): warning C4129: 'T': unrecognized character escape sequence
D:\Programming\C++\11 - OOP as it Should Be (Applications)\Bank System Using OPP\Bank\clsCurrency.h(27,17): warning C4244: 'argument': conversion from 'double' to 'float', possible loss of data
D:\Programming\C++\11 - OOP as it Should Be (Applications)\Bank System Using OPP\Bank\clsBankClient.h(303): warning C4715: 'clsBankClient::Save': not all control paths return a value
D:\Programming\C++\11 - OOP as it Should Be (Applications)\Bank System Using OPP\Bank\clsBankClient.h(450): warning C4715: 'clsBankClient::Withdraw': not all control paths return a value
D:\Programming\C++\11 - OOP as it Should Be (Applications)\Bank System Using OPP\Bank\clsUser.h(314): warning C4715: 'clsUser::Save': not all control paths return a value
  Bank.vcxproj -> D:\Programming\C++\11 - OOP as it Should Be (Applications)\Bank System Using OPP\x64\Debug\Bank.exe
